<?xml version="1.0" encoding="UTF-8"?>
<!-- Generated by org.testng.reporters.JUnitReportReporter -->
<testsuite hostname="DESKTOP-HF1AAIU" failures="0" tests="3" name="com.bookapi.testcases.GetAllBooksTest" time="0.001" errors="0" timestamp="2025-08-16T13:09:45 IST" skipped="3">
  <testcase classname="com.bookapi.testcases.GetAllBooksTest" name="validatingBooksAreDisplayed" time="0.001">
    <skipped/>
  </testcase> <!-- validatingBooksAreDisplayed -->
  <testcase classname="com.bookapi.testcases.GetAllBooksTest" name="NoBooksDisplayedForInvalidToken" time="0.000">
    <skipped/>
  </testcase> <!-- NoBooksDisplayedForInvalidToken -->
  <testcase classname="com.bookapi.testcases.GetAllBooksTest" name="NoBooksDisplayedForNoToken" time="0.000">
    <skipped/>
  </testcase> <!-- NoBooksDisplayedForNoToken -->
</testsuite> <!-- com.bookapi.testcases.GetAllBooksTest -->
