<?xml version="1.0" encoding="UTF-8"?>
<!-- Generated by org.testng.reporters.JUnitReportReporter -->
<testsuite hostname="DESKTOP-HF1AAIU" failures="0" tests="3" name="com.bookapi.testcases.GetAllBooksTest" time="0.076" errors="0" timestamp="2025-08-15T20:02:46 IST" skipped="0">
  <testcase classname="com.bookapi.testcases.GetAllBooksTest" name="validatingBooksAreDisplayed" time="0.035"/>
  <testcase classname="com.bookapi.testcases.GetAllBooksTest" name="NoBooksDisplayedForInvalidToken" time="0.023"/>
  <testcase classname="com.bookapi.testcases.GetAllBooksTest" name="NoBooksDisplayedForNoToken" time="0.018"/>
</testsuite> <!-- com.bookapi.testcases.GetAllBooksTest -->
