<?xml version="1.0" encoding="UTF-8"?>
<!-- Generated by org.testng.reporters.JUnitReportReporter -->
<testsuite hostname="DESKTOP-HF1AAIU" failures="0" tests="1" name="com.bookapi.testcases.IncorrectJsonFormat" time="0.000" errors="0" timestamp="2025-08-16T13:09:45 IST" skipped="1">
  <testcase classname="com.bookapi.testcases.IncorrectJsonFormat" name="incorrectJSON" time="0.000">
    <skipped/>
  </testcase> <!-- incorrectJSON -->
</testsuite> <!-- com.bookapi.testcases.IncorrectJsonFormat -->
