<?xml version="1.0" encoding="UTF-8"?>
<!-- Generated by org.testng.reporters.JUnitReportReporter -->
<testsuite hostname="DESKTOP-HF1AAIU" failures="0" tests="5" name="com.bookapi.testcases.LoginForAccessTokenTest" time="0.000" errors="0" timestamp="2025-08-16T13:09:45 IST" skipped="5">
  <testcase classname="com.bookapi.testcases.LoginForAccessTokenTest" name="loginUsingnewlyCreatedUser" time="0.000">
    <skipped/>
  </testcase> <!-- loginUsingnewlyCreatedUser -->
  <testcase classname="com.bookapi.testcases.LoginForAccessTokenTest" name="loginUsingIncorrectCred" time="0.000">
    <skipped/>
  </testcase> <!-- loginUsingIncorrectCred -->
  <testcase classname="com.bookapi.testcases.LoginForAccessTokenTest" name="loginUsingIncorrectCred" time="0.000">
    <skipped/>
  </testcase> <!-- loginUsingIncorrectCred -->
  <testcase classname="com.bookapi.testcases.LoginForAccessTokenTest" name="loginUsingIncorrectCred" time="0.000">
    <skipped/>
  </testcase> <!-- loginUsingIncorrectCred -->
  <testcase classname="com.bookapi.testcases.LoginForAccessTokenTest" name="loginUsingIncorrectCred" time="0.000">
    <skipped/>
  </testcase> <!-- loginUsingIncorrectCred -->
</testsuite> <!-- com.bookapi.testcases.LoginForAccessTokenTest -->
