<?xml version="1.0" encoding="UTF-8"?>
<!-- Generated by org.testng.reporters.JUnitReportReporter -->
<testsuite hostname="DESKTOP-HF1AAIU" failures="0" tests="2" name="com.bookapi.testcases.CreateUserSignupTest" time="0.000" errors="0" timestamp="2025-08-16T13:09:45 IST" skipped="2">
  <testcase classname="com.bookapi.testcases.CreateUserSignupTest" name="createNewUser" time="0.000">
    <skipped/>
  </testcase> <!-- createNewUser -->
  <testcase classname="com.bookapi.testcases.CreateUserSignupTest" name="createExistingUser" time="0.000">
    <skipped/>
  </testcase> <!-- createExistingUser -->
</testsuite> <!-- com.bookapi.testcases.CreateUserSignupTest -->
