<?xml version="1.0" encoding="UTF-8"?>
<!-- Generated by org.testng.reporters.JUnitReportReporter -->
<testsuite hostname="DESKTOP-HF1AAIU" failures="0" tests="5" name="com.bookapi.testcases.LoginForAccessTokenTest" time="1.087" errors="0" timestamp="2025-08-15T20:02:46 IST" skipped="0">
  <testcase classname="com.bookapi.testcases.LoginForAccessTokenTest" name="loginUsingnewlyCreatedUser" time="0.283"/>
  <testcase classname="com.bookapi.testcases.LoginForAccessTokenTest" name="loginUsingIncorrectCred" time="0.263"/>
  <testcase classname="com.bookapi.testcases.LoginForAccessTokenTest" name="loginUsingIncorrectCred" time="0.261"/>
  <testcase classname="com.bookapi.testcases.LoginForAccessTokenTest" name="loginUsingIncorrectCred" time="0.021"/>
  <testcase classname="com.bookapi.testcases.LoginForAccessTokenTest" name="loginUsingIncorrectCred" time="0.259"/>
</testsuite> <!-- com.bookapi.testcases.LoginForAccessTokenTest -->
