<?xml version="1.0" encoding="UTF-8"?>
<!-- Generated by org.testng.reporters.JUnitReportReporter -->
<testsuite hostname="DESKTOP-HF1AAIU" failures="0" tests="3" name="com.bookapi.testcases.GetAllBooksTest" time="0.090" errors="0" timestamp="2025-08-15T18:29:48 IST" skipped="0">
  <testcase classname="com.bookapi.testcases.GetAllBooksTest" name="validatingBooksAreDisplayed" time="0.052"/>
  <testcase classname="com.bookapi.testcases.GetAllBooksTest" name="NoBooksDisplayedForInvalidToken" time="0.024"/>
  <testcase classname="com.bookapi.testcases.GetAllBooksTest" name="NoBooksDisplayedForNoToken" time="0.014"/>
</testsuite> <!-- com.bookapi.testcases.GetAllBooksTest -->
