<?xml version="1.0" encoding="UTF-8"?>
<!-- Generated by org.testng.reporters.JUnitReportReporter -->
<testsuite hostname="DESKTOP-HF1AAIU" failures="0" tests="2" name="com.bookapi.testcases.GetBookByIdTest" time="0.060" errors="0" timestamp="2025-08-15T18:29:48 IST" skipped="0">
  <testcase classname="com.bookapi.testcases.GetBookByIdTest" name="validatingIfUserAbleToSearchBookByID" time="0.039"/>
  <testcase classname="com.bookapi.testcases.GetBookByIdTest" name="validatingIfUserAbleToSearchIncorrectBookByID" time="0.021"/>
</testsuite> <!-- com.bookapi.testcases.GetBookByIdTest -->
