<?xml version="1.0" encoding="UTF-8"?>
<!-- Generated by org.testng.reporters.JUnitReportReporter -->
<testsuite hostname="DESKTOP-HF1AAIU" failures="0" tests="2" name="com.bookapi.testcases.CreateUserSignupTest" time="0.436" errors="0" timestamp="2025-08-15T18:29:48 IST" skipped="0">
  <testcase classname="com.bookapi.testcases.CreateUserSignupTest" name="createNewUser" time="0.409"/>
  <testcase classname="com.bookapi.testcases.CreateUserSignupTest" name="createExistingUser" time="0.027"/>
</testsuite> <!-- com.bookapi.testcases.CreateUserSignupTest -->
