<?xml version="1.0" encoding="UTF-8"?>
<!-- Generated by org.testng.reporters.JUnitReportReporter -->
<testsuite hostname="DESKTOP-HF1AAIU" failures="0" tests="2" name="com.bookapi.testcases.GetBookByIdTest" time="0.000" errors="0" timestamp="2025-08-16T13:09:45 IST" skipped="2">
  <testcase classname="com.bookapi.testcases.GetBookByIdTest" name="validatingIfUserAbleToSearchIncorrectBookByID" time="0.000">
    <skipped/>
  </testcase> <!-- validatingIfUserAbleToSearchIncorrectBookByID -->
  <testcase classname="com.bookapi.testcases.GetBookByIdTest" name="validatingIfUserAbleToSearchBookByID" time="0.000">
    <skipped/>
  </testcase> <!-- validatingIfUserAbleToSearchBookByID -->
</testsuite> <!-- com.bookapi.testcases.GetBookByIdTest -->
