<?xml version="1.0" encoding="UTF-8"?>
<!-- Generated by org.testng.reporters.JUnitReportReporter -->
<testsuite hostname="DESKTOP-HF1AAIU" failures="0" tests="5" name="com.bookapi.testcases.LoginForAccessTokenTest" time="1.131" errors="0" timestamp="2025-08-15T22:35:04 IST" skipped="0">
  <testcase classname="com.bookapi.testcases.LoginForAccessTokenTest" name="loginUsingnewlyCreatedUser" time="0.319"/>
  <testcase classname="com.bookapi.testcases.LoginForAccessTokenTest" name="loginUsingIncorrectCred" time="0.256"/>
  <testcase classname="com.bookapi.testcases.LoginForAccessTokenTest" name="loginUsingIncorrectCred" time="0.274"/>
  <testcase classname="com.bookapi.testcases.LoginForAccessTokenTest" name="loginUsingIncorrectCred" time="0.021"/>
  <testcase classname="com.bookapi.testcases.LoginForAccessTokenTest" name="loginUsingIncorrectCred" time="0.261"/>
</testsuite> <!-- com.bookapi.testcases.LoginForAccessTokenTest -->
