<?xml version="1.0" encoding="UTF-8"?>
<!-- Generated by org.testng.reporters.JUnitReportReporter -->
<testsuite hostname="DESKTOP-HF1AAIU" failures="0" tests="2" name="com.bookapi.testcases.CreateBookTest" time="0.001" errors="0" timestamp="2025-08-16T13:09:45 IST" skipped="2">
  <testcase classname="com.bookapi.testcases.CreateBookTest" name="validatingUserAbleToCreateNewBook" time="0.000">
    <skipped/>
  </testcase> <!-- validatingUserAbleToCreateNewBook -->
  <testcase classname="com.bookapi.testcases.CreateBookTest" name="validatingNewBookIsDisplayedInList" time="0.001">
    <skipped/>
  </testcase> <!-- validatingNewBookIsDisplayedInList -->
</testsuite> <!-- com.bookapi.testcases.CreateBookTest -->
