<?xml version="1.0" encoding="UTF-8"?>
<!-- Generated by org.testng.reporters.JUnitReportReporter -->
<testsuite hostname="DESKTOP-HF1AAIU" failures="0" tests="2" name="com.bookapi.testcases.UpdateBookTest" time="0.109" errors="0" timestamp="2025-08-15T20:02:19 IST" skipped="0">
  <testcase classname="com.bookapi.testcases.UpdateBookTest" name="validateUserAbleToUpdateNewlyAddedBook" time="0.079"/>
  <testcase classname="com.bookapi.testcases.UpdateBookTest" name="validatingIfUserAbleToSearchUpdatedBookByID" time="0.030"/>
</testsuite> <!-- com.bookapi.testcases.UpdateBookTest -->
