<?xml version="1.0" encoding="UTF-8"?>
<!-- Generated by org.testng.reporters.JUnitReportReporter -->
<testsuite hostname="DESKTOP-HF1AAIU" failures="0" tests="1" name="com.bookapi.testcases.HealthCheckTest" time="2.369" errors="0" timestamp="2025-08-15T20:02:19 IST" skipped="0">
  <testcase classname="com.bookapi.testcases.HealthCheckTest" name="validatingServiceHealth" time="2.369"/>
</testsuite> <!-- com.bookapi.testcases.HealthCheckTest -->
